;  LST file generated by mikroListExporter - v.2.0 
; Date/Time: 02-May-19 12:39:22 PM
;----------------------------------------------

;Address Opcode 	ASM
0x0000	0xF001EF75  	GOTO        746
0x0004	0x0000      	NOP
0x0006	0x0000      	NOP
0x0008	0xF000EF00  	GOTO        0
0x000C	0x0000      	NOP
0x000E	0x0000      	NOP
0x0010	0x0000      	NOP
0x0012	0x0000      	NOP
0x0014	0x0000      	NOP
0x0016	0x0000      	NOP
0x0018	0xD7F3      	BRA         0
_Delay_1us:
;__Lib_Delays.c,7 :: 		void Delay_1us() {
;__Lib_Delays.c,8 :: 		Delay_us(1);
0x001C	0x0000      	NOP
0x001E	0x0000      	NOP
;__Lib_Delays.c,9 :: 		}
L_end_Delay_1us:
0x0020	0x0012      	RETURN      0
; end of _Delay_1us
_Delay_5500us:
;__Lib_Delays.c,31 :: 		void Delay_5500us() {
;__Lib_Delays.c,32 :: 		Delay_us(5500);
0x0022	0x0E0F      	MOVLW       15
0x0024	0x6E0C      	MOVWF       R12, 0
0x0026	0x0E47      	MOVLW       71
0x0028	0x6E0D      	MOVWF       R13, 0
L_Delay_5500us5:
0x002A	0x2E0D      	DECFSZ      R13, 1, 0
0x002C	0xD7FE      	BRA         L_Delay_5500us5
0x002E	0x2E0C      	DECFSZ      R12, 1, 0
0x0030	0xD7FC      	BRA         L_Delay_5500us5
0x0032	0x0000      	NOP
0x0034	0x0000      	NOP
;__Lib_Delays.c,33 :: 		}
L_end_Delay_5500us:
0x0036	0x0012      	RETURN      0
; end of _Delay_5500us
_Delay_50us:
;__Lib_Delays.c,19 :: 		void Delay_50us() {
;__Lib_Delays.c,20 :: 		Delay_us(50);
0x0038	0x0E21      	MOVLW       33
0x003A	0x6E0D      	MOVWF       R13, 0
L_Delay_50us2:
0x003C	0x2E0D      	DECFSZ      R13, 1, 0
0x003E	0xD7FE      	BRA         L_Delay_50us2
;__Lib_Delays.c,21 :: 		}
L_end_Delay_50us:
0x0040	0x0012      	RETURN      0
; end of _Delay_50us
_Lcd_Cmd:
;__Lib_Lcd.c,18 :: 		
;__Lib_Lcd.c,20 :: 		
0x0042	0xBE4E      	BTFSC       FARG_Lcd_Cmd_out_char, 7 
0x0044	0xD002      	BRA         L__Lcd_Cmd21
0x0046	0x9A81      	BCF         LCD_D7, BitPos(LCD_D7+0) 
0x0048	0xD001      	BRA         L__Lcd_Cmd22
L__Lcd_Cmd21:
0x004A	0x8A81      	BSF         LCD_D7, BitPos(LCD_D7+0) 
L__Lcd_Cmd22:
;__Lib_Lcd.c,21 :: 		
0x004C	0xBC4E      	BTFSC       FARG_Lcd_Cmd_out_char, 6 
0x004E	0xD002      	BRA         L__Lcd_Cmd23
0x0050	0x9881      	BCF         LCD_D6, BitPos(LCD_D6+0) 
0x0052	0xD001      	BRA         L__Lcd_Cmd24
L__Lcd_Cmd23:
0x0054	0x8881      	BSF         LCD_D6, BitPos(LCD_D6+0) 
L__Lcd_Cmd24:
;__Lib_Lcd.c,22 :: 		
0x0056	0xBA4E      	BTFSC       FARG_Lcd_Cmd_out_char, 5 
0x0058	0xD002      	BRA         L__Lcd_Cmd25
0x005A	0x9681      	BCF         LCD_D5, BitPos(LCD_D5+0) 
0x005C	0xD001      	BRA         L__Lcd_Cmd26
L__Lcd_Cmd25:
0x005E	0x8681      	BSF         LCD_D5, BitPos(LCD_D5+0) 
L__Lcd_Cmd26:
;__Lib_Lcd.c,23 :: 		
0x0060	0xB84E      	BTFSC       FARG_Lcd_Cmd_out_char, 4 
0x0062	0xD002      	BRA         L__Lcd_Cmd27
0x0064	0x9481      	BCF         LCD_D4, BitPos(LCD_D4+0) 
0x0066	0xD001      	BRA         L__Lcd_Cmd28
L__Lcd_Cmd27:
0x0068	0x8481      	BSF         LCD_D4, BitPos(LCD_D4+0) 
L__Lcd_Cmd28:
;__Lib_Lcd.c,25 :: 		
0x006A	0xB043      	BTFSC       __Lib_Lcd_cmd_status, BitPos(__Lib_Lcd_cmd_status+0) 
0x006C	0xD002      	BRA         L__Lcd_Cmd29
0x006E	0x8081      	BSF         LCD_RS, BitPos(LCD_RS+0) 
0x0070	0xD001      	BRA         L__Lcd_Cmd30
L__Lcd_Cmd29:
0x0072	0x9081      	BCF         LCD_RS, BitPos(LCD_RS+0) 
L__Lcd_Cmd30:
;__Lib_Lcd.c,28 :: 		
0x0074	0x8281      	BSF         LCD_EN, BitPos(LCD_EN+0) 
;__Lib_Lcd.c,29 :: 		
0x0076	0xDFD2      	RCALL       _Delay_1us
;__Lib_Lcd.c,30 :: 		
0x0078	0x9281      	BCF         LCD_EN, BitPos(LCD_EN+0) 
;__Lib_Lcd.c,33 :: 		
0x007A	0xB64E      	BTFSC       FARG_Lcd_Cmd_out_char, 3 
0x007C	0xD002      	BRA         L__Lcd_Cmd31
0x007E	0x9A81      	BCF         LCD_D7, BitPos(LCD_D7+0) 
0x0080	0xD001      	BRA         L__Lcd_Cmd32
L__Lcd_Cmd31:
0x0082	0x8A81      	BSF         LCD_D7, BitPos(LCD_D7+0) 
L__Lcd_Cmd32:
;__Lib_Lcd.c,34 :: 		
0x0084	0xB44E      	BTFSC       FARG_Lcd_Cmd_out_char, 2 
0x0086	0xD002      	BRA         L__Lcd_Cmd33
0x0088	0x9881      	BCF         LCD_D6, BitPos(LCD_D6+0) 
0x008A	0xD001      	BRA         L__Lcd_Cmd34
L__Lcd_Cmd33:
0x008C	0x8881      	BSF         LCD_D6, BitPos(LCD_D6+0) 
L__Lcd_Cmd34:
;__Lib_Lcd.c,35 :: 		
0x008E	0xB24E      	BTFSC       FARG_Lcd_Cmd_out_char, 1 
0x0090	0xD002      	BRA         L__Lcd_Cmd35
0x0092	0x9681      	BCF         LCD_D5, BitPos(LCD_D5+0) 
0x0094	0xD001      	BRA         L__Lcd_Cmd36
L__Lcd_Cmd35:
0x0096	0x8681      	BSF         LCD_D5, BitPos(LCD_D5+0) 
L__Lcd_Cmd36:
;__Lib_Lcd.c,36 :: 		
0x0098	0xB04E      	BTFSC       FARG_Lcd_Cmd_out_char, 0 
0x009A	0xD002      	BRA         L__Lcd_Cmd37
0x009C	0x9481      	BCF         LCD_D4, BitPos(LCD_D4+0) 
0x009E	0xD001      	BRA         L__Lcd_Cmd38
L__Lcd_Cmd37:
0x00A0	0x8481      	BSF         LCD_D4, BitPos(LCD_D4+0) 
L__Lcd_Cmd38:
;__Lib_Lcd.c,38 :: 		
0x00A2	0xB043      	BTFSC       __Lib_Lcd_cmd_status, BitPos(__Lib_Lcd_cmd_status+0) 
0x00A4	0xD002      	BRA         L__Lcd_Cmd39
0x00A6	0x8081      	BSF         LCD_RS, BitPos(LCD_RS+0) 
0x00A8	0xD001      	BRA         L__Lcd_Cmd40
L__Lcd_Cmd39:
0x00AA	0x9081      	BCF         LCD_RS, BitPos(LCD_RS+0) 
L__Lcd_Cmd40:
;__Lib_Lcd.c,40 :: 		
0x00AC	0x8281      	BSF         LCD_EN, BitPos(LCD_EN+0) 
;__Lib_Lcd.c,41 :: 		
0x00AE	0xDFB6      	RCALL       _Delay_1us
;__Lib_Lcd.c,42 :: 		
0x00B0	0x9281      	BCF         LCD_EN, BitPos(LCD_EN+0) 
;__Lib_Lcd.c,44 :: 		
0x00B2	0xA043      	BTFSS       __Lib_Lcd_cmd_status, BitPos(__Lib_Lcd_cmd_status+0) 
0x00B4	0xD002      	BRA         L_Lcd_Cmd0
;__Lib_Lcd.c,45 :: 		
0x00B6	0xDFB5      	RCALL       _Delay_5500us
0x00B8	0xD001      	BRA         L_Lcd_Cmd1
L_Lcd_Cmd0:
;__Lib_Lcd.c,47 :: 		
0x00BA	0xDFBE      	RCALL       _Delay_50us
L_Lcd_Cmd1:
;__Lib_Lcd.c,48 :: 		
L_end_Lcd_Cmd:
0x00BC	0x0012      	RETURN      0
; end of _Lcd_Cmd
_Delay_10us:
;__Lib_Delays.c,11 :: 		void Delay_10us() {
;__Lib_Delays.c,12 :: 		Delay_us(10);
0x00BE	0x0E06      	MOVLW       6
0x00C0	0x6E0D      	MOVWF       R13, 0
L_Delay_10us0:
0x00C2	0x2E0D      	DECFSZ      R13, 1, 0
0x00C4	0xD7FE      	BRA         L_Delay_10us0
0x00C6	0x0000      	NOP
;__Lib_Delays.c,13 :: 		}
L_end_Delay_10us:
0x00C8	0x0012      	RETURN      0
; end of _Delay_10us
_Keypad_Key_Press:
;__Lib_Keypad4x4.c,39 :: 		
;__Lib_Keypad4x4.c,43 :: 		
0x00CA	0x6A49      	CLRF        Keypad_Key_Press_rslt_L0 
;__Lib_Keypad4x4.c,44 :: 		
0x00CC	0x6A4B      	CLRF        Keypad_Key_Press_loc_L0 
;__Lib_Keypad4x4.c,45 :: 		
0x00CE	0x6A4C      	CLRF        Keypad_Key_Press_rowcnt_L0 
;__Lib_Keypad4x4.c,46 :: 		
0x00D0	0x0E10      	MOVLW       16
0x00D2	0x6E4D      	MOVWF       Keypad_Key_Press_shifter_L0 
;__Lib_Keypad4x4.c,48 :: 		
L_Keypad_Key_Press0:
0x00D4	0x0E04      	MOVLW       4
0x00D6	0x5C4C      	SUBWF       Keypad_Key_Press_rowcnt_L0, 0 
0x00D8	0xE229      	BC          L_Keypad_Key_Press1
;__Lib_Keypad4x4.c,50 :: 		
0x00DA	0x0EF0      	MOVLW       240
0x00DC	0x6E83      	MOVWF       keypadPort 
;__Lib_Keypad4x4.c,51 :: 		
0x00DE	0x0E12      	MOVLW       18
0x00E0	0x6E00      	MOVWF       R0 
0x00E2	0x0E00      	MOVLW       0
0x00E4	0x6E01      	MOVWF       R1 
0x00E6	0x0E83      	MOVLW       keypadPort
0x00E8	0x2400      	ADDWF       R0, 0 
0x00EA	0x6EE1      	MOVWF       FSR1L 
0x00EC	0x0E0F      	MOVLW       hi_addr(keypadPort)
0x00EE	0x2001      	ADDWFC      R1, 0 
0x00F0	0x6EE2      	MOVWF       FSR1H 
0x00F2	0x1C4D      	COMF        Keypad_Key_Press_shifter_L0, 0 
0x00F4	0x6E00      	MOVWF       R0 
0x00F6	0xFFE6C000  	MOVFF       R0, POSTINC1
;__Lib_Keypad4x4.c,55 :: 		
0x00FA	0xDF90      	RCALL       _Delay_1us
;__Lib_Keypad4x4.c,56 :: 		
0x00FC	0xDF8F      	RCALL       _Delay_1us
;__Lib_Keypad4x4.c,57 :: 		
0x00FE	0x0E0F      	MOVLW       15
0x0100	0x1483      	ANDWF       keypadPort, 0 
0x0102	0x6E00      	MOVWF       R0 
0x0104	0xF04AC000  	MOVFF       R0, Keypad_Key_Press_kdata_L0
;__Lib_Keypad4x4.c,58 :: 		
0x0108	0x5200      	MOVF        R0, 1 
0x010A	0xE00A      	BZ          L_Keypad_Key_Press2
;__Lib_Keypad4x4.c,60 :: 		
0x010C	0xF049C04B  	MOVFF       Keypad_Key_Press_loc_L0, Keypad_Key_Press_rslt_L0
;__Lib_Keypad4x4.c,61 :: 		
L_Keypad_Key_Press3:
0x0110	0x524A      	MOVF        Keypad_Key_Press_kdata_L0, 1 
0x0112	0xE004      	BZ          L_Keypad_Key_Press4
;__Lib_Keypad4x4.c,62 :: 		
0x0114	0x324A      	RRCF        Keypad_Key_Press_kdata_L0, 1 
0x0116	0x9E4A      	BCF         Keypad_Key_Press_kdata_L0, 7 
;__Lib_Keypad4x4.c,63 :: 		
0x0118	0x2A49      	INCF        Keypad_Key_Press_rslt_L0, 1 
;__Lib_Keypad4x4.c,64 :: 		
0x011A	0xD7FA      	BRA         L_Keypad_Key_Press3
L_Keypad_Key_Press4:
;__Lib_Keypad4x4.c,66 :: 		
0x011C	0x0E04      	MOVLW       4
0x011E	0x6E4C      	MOVWF       Keypad_Key_Press_rowcnt_L0 
;__Lib_Keypad4x4.c,67 :: 		
L_Keypad_Key_Press2:
;__Lib_Keypad4x4.c,68 :: 		
0x0120	0x364D      	RLCF        Keypad_Key_Press_shifter_L0, 1 
0x0122	0x904D      	BCF         Keypad_Key_Press_shifter_L0, 0 
;__Lib_Keypad4x4.c,69 :: 		
0x0124	0x0E04      	MOVLW       4
0x0126	0x264B      	ADDWF       Keypad_Key_Press_loc_L0, 1 
;__Lib_Keypad4x4.c,70 :: 		
0x0128	0x2A4C      	INCF        Keypad_Key_Press_rowcnt_L0, 1 
;__Lib_Keypad4x4.c,71 :: 		
0x012A	0xD7D4      	BRA         L_Keypad_Key_Press0
L_Keypad_Key_Press1:
;__Lib_Keypad4x4.c,73 :: 		
0x012C	0xF000C049  	MOVFF       Keypad_Key_Press_rslt_L0, R0
;__Lib_Keypad4x4.c,74 :: 		
L_end_Keypad_Key_Press:
0x0130	0x0012      	RETURN      0
; end of _Keypad_Key_Press
_Lcd_Chr_CP:
;__Lib_Lcd.c,50 :: 		
;__Lib_Lcd.c,52 :: 		
0x0132	0x9043      	BCF         __Lib_Lcd_cmd_status, BitPos(__Lib_Lcd_cmd_status+0) 
;__Lib_Lcd.c,53 :: 		
0x0134	0xF04EC049  	MOVFF       FARG_Lcd_Chr_CP_out_char, FARG_Lcd_Cmd_out_char
0x0138	0xDF84      	RCALL       _Lcd_Cmd
;__Lib_Lcd.c,54 :: 		
0x013A	0x8043      	BSF         __Lib_Lcd_cmd_status, BitPos(__Lib_Lcd_cmd_status+0) 
;__Lib_Lcd.c,55 :: 		
L_end_Lcd_Chr_CP:
0x013C	0x0012      	RETURN      0
; end of _Lcd_Chr_CP
_Keypad_Init:
;__Lib_Keypad4x4.c,34 :: 		
;__Lib_Keypad4x4.c,35 :: 		
0x013E	0x0E12      	MOVLW       18
0x0140	0x6E00      	MOVWF       R0 
0x0142	0x0E00      	MOVLW       0
0x0144	0x6E01      	MOVWF       R1 
0x0146	0x0E83      	MOVLW       keypadPort
0x0148	0x2400      	ADDWF       R0, 0 
0x014A	0x6EE1      	MOVWF       FSR1L 
0x014C	0x0E0F      	MOVLW       hi_addr(keypadPort)
0x014E	0x2001      	ADDWFC      R1, 0 
0x0150	0x6EE2      	MOVWF       FSR1H 
0x0152	0x0EFF      	MOVLW       255
0x0154	0x6EE6      	MOVWF       POSTINC1 
;__Lib_Keypad4x4.c,36 :: 		
L_end_Keypad_Init:
0x0156	0x0012      	RETURN      0
; end of _Keypad_Init
_Lcd_Init:
;__Lib_Lcd.c,84 :: 		
;__Lib_Lcd.c,86 :: 		
0x0158	0x9293      	BCF         LCD_EN_Direction, BitPos(LCD_EN_Direction+0) 
;__Lib_Lcd.c,87 :: 		
0x015A	0x9093      	BCF         LCD_RS_Direction, BitPos(LCD_RS_Direction+0) 
;__Lib_Lcd.c,88 :: 		
0x015C	0x9493      	BCF         LCD_D4_Direction, BitPos(LCD_D4_Direction+0) 
;__Lib_Lcd.c,89 :: 		
0x015E	0x9693      	BCF         LCD_D5_Direction, BitPos(LCD_D5_Direction+0) 
;__Lib_Lcd.c,90 :: 		
0x0160	0x9893      	BCF         LCD_D6_Direction, BitPos(LCD_D6_Direction+0) 
;__Lib_Lcd.c,91 :: 		
0x0162	0x9A93      	BCF         LCD_D7_Direction, BitPos(LCD_D7_Direction+0) 
;__Lib_Lcd.c,93 :: 		
0x0164	0x9281      	BCF         LCD_EN, BitPos(LCD_EN+0) 
;__Lib_Lcd.c,94 :: 		
0x0166	0x9081      	BCF         LCD_RS, BitPos(LCD_RS+0) 
;__Lib_Lcd.c,95 :: 		
0x0168	0x9A81      	BCF         LCD_D7, BitPos(LCD_D7+0) 
;__Lib_Lcd.c,96 :: 		
0x016A	0x9881      	BCF         LCD_D6, BitPos(LCD_D6+0) 
;__Lib_Lcd.c,97 :: 		
0x016C	0x9681      	BCF         LCD_D5, BitPos(LCD_D5+0) 
;__Lib_Lcd.c,98 :: 		
0x016E	0x9481      	BCF         LCD_D4, BitPos(LCD_D4+0) 
;__Lib_Lcd.c,100 :: 		
0x0170	0xDF58      	RCALL       _Delay_5500us
;__Lib_Lcd.c,101 :: 		
0x0172	0xDF57      	RCALL       _Delay_5500us
;__Lib_Lcd.c,102 :: 		
0x0174	0xDF56      	RCALL       _Delay_5500us
;__Lib_Lcd.c,105 :: 		
0x0176	0x8681      	BSF         LCD_D5, BitPos(LCD_D5+0) 
;__Lib_Lcd.c,106 :: 		
0x0178	0x8481      	BSF         LCD_D4, BitPos(LCD_D4+0) 
;__Lib_Lcd.c,107 :: 		
0x017A	0x8281      	BSF         LCD_EN, BitPos(LCD_EN+0) 
;__Lib_Lcd.c,108 :: 		
0x017C	0xDF4F      	RCALL       _Delay_1us
;__Lib_Lcd.c,109 :: 		
0x017E	0x9281      	BCF         LCD_EN, BitPos(LCD_EN+0) 
;__Lib_Lcd.c,110 :: 		
0x0180	0xDF50      	RCALL       _Delay_5500us
;__Lib_Lcd.c,112 :: 		
0x0182	0x8281      	BSF         LCD_EN, BitPos(LCD_EN+0) 
;__Lib_Lcd.c,113 :: 		
0x0184	0xDF4B      	RCALL       _Delay_1us
;__Lib_Lcd.c,114 :: 		
0x0186	0x9281      	BCF         LCD_EN, BitPos(LCD_EN+0) 
;__Lib_Lcd.c,115 :: 		
0x0188	0xDF4C      	RCALL       _Delay_5500us
;__Lib_Lcd.c,117 :: 		
0x018A	0x8281      	BSF         LCD_EN, BitPos(LCD_EN+0) 
;__Lib_Lcd.c,118 :: 		
0x018C	0xDF47      	RCALL       _Delay_1us
;__Lib_Lcd.c,119 :: 		
0x018E	0x9281      	BCF         LCD_EN, BitPos(LCD_EN+0) 
;__Lib_Lcd.c,120 :: 		
0x0190	0xDF48      	RCALL       _Delay_5500us
;__Lib_Lcd.c,123 :: 		
0x0192	0x9481      	BCF         LCD_D4, BitPos(LCD_D4+0) 
;__Lib_Lcd.c,124 :: 		
0x0194	0x8281      	BSF         LCD_EN, BitPos(LCD_EN+0) 
;__Lib_Lcd.c,125 :: 		
0x0196	0xDF42      	RCALL       _Delay_1us
;__Lib_Lcd.c,126 :: 		
0x0198	0x9281      	BCF         LCD_EN, BitPos(LCD_EN+0) 
;__Lib_Lcd.c,127 :: 		
0x019A	0xDF43      	RCALL       _Delay_5500us
;__Lib_Lcd.c,130 :: 		
0x019C	0x8281      	BSF         LCD_EN, BitPos(LCD_EN+0) 
;__Lib_Lcd.c,131 :: 		
0x019E	0xDF3E      	RCALL       _Delay_1us
;__Lib_Lcd.c,132 :: 		
0x01A0	0x9281      	BCF         LCD_EN, BitPos(LCD_EN+0) 
;__Lib_Lcd.c,134 :: 		
0x01A2	0x9681      	BCF         LCD_D5, BitPos(LCD_D5+0) 
;__Lib_Lcd.c,135 :: 		
0x01A4	0x8A81      	BSF         LCD_D7, BitPos(LCD_D7+0) 
;__Lib_Lcd.c,136 :: 		
0x01A6	0x8281      	BSF         LCD_EN, BitPos(LCD_EN+0) 
;__Lib_Lcd.c,137 :: 		
0x01A8	0xDF39      	RCALL       _Delay_1us
;__Lib_Lcd.c,138 :: 		
0x01AA	0x9281      	BCF         LCD_EN, BitPos(LCD_EN+0) 
;__Lib_Lcd.c,139 :: 		
0x01AC	0xDF3A      	RCALL       _Delay_5500us
;__Lib_Lcd.c,142 :: 		
0x01AE	0x9A81      	BCF         LCD_D7, BitPos(LCD_D7+0) 
;__Lib_Lcd.c,143 :: 		
0x01B0	0x8481      	BSF         LCD_D4, BitPos(LCD_D4+0) 
;__Lib_Lcd.c,144 :: 		
0x01B2	0x8281      	BSF         LCD_EN, BitPos(LCD_EN+0) 
;__Lib_Lcd.c,145 :: 		
0x01B4	0xDF33      	RCALL       _Delay_1us
;__Lib_Lcd.c,146 :: 		
0x01B6	0x9281      	BCF         LCD_EN, BitPos(LCD_EN+0) 
;__Lib_Lcd.c,148 :: 		
0x01B8	0x9481      	BCF         LCD_D4, BitPos(LCD_D4+0) 
;__Lib_Lcd.c,149 :: 		
0x01BA	0x8281      	BSF         LCD_EN, BitPos(LCD_EN+0) 
;__Lib_Lcd.c,150 :: 		
0x01BC	0xDF2F      	RCALL       _Delay_1us
;__Lib_Lcd.c,151 :: 		
0x01BE	0x9281      	BCF         LCD_EN, BitPos(LCD_EN+0) 
;__Lib_Lcd.c,152 :: 		
0x01C0	0xDF30      	RCALL       _Delay_5500us
;__Lib_Lcd.c,155 :: 		
0x01C2	0x8281      	BSF         LCD_EN, BitPos(LCD_EN+0) 
;__Lib_Lcd.c,156 :: 		
0x01C4	0xDF2B      	RCALL       _Delay_1us
;__Lib_Lcd.c,157 :: 		
0x01C6	0x9281      	BCF         LCD_EN, BitPos(LCD_EN+0) 
;__Lib_Lcd.c,159 :: 		
0x01C8	0x8481      	BSF         LCD_D4, BitPos(LCD_D4+0) 
;__Lib_Lcd.c,160 :: 		
0x01CA	0x8281      	BSF         LCD_EN, BitPos(LCD_EN+0) 
;__Lib_Lcd.c,161 :: 		
0x01CC	0xDF27      	RCALL       _Delay_1us
;__Lib_Lcd.c,162 :: 		
0x01CE	0x9281      	BCF         LCD_EN, BitPos(LCD_EN+0) 
;__Lib_Lcd.c,163 :: 		
0x01D0	0xDF28      	RCALL       _Delay_5500us
;__Lib_Lcd.c,166 :: 		
0x01D2	0x9481      	BCF         LCD_D4, BitPos(LCD_D4+0) 
;__Lib_Lcd.c,167 :: 		
0x01D4	0x8281      	BSF         LCD_EN, BitPos(LCD_EN+0) 
;__Lib_Lcd.c,168 :: 		
0x01D6	0xDF22      	RCALL       _Delay_1us
;__Lib_Lcd.c,169 :: 		
0x01D8	0x9281      	BCF         LCD_EN, BitPos(LCD_EN+0) 
;__Lib_Lcd.c,171 :: 		
0x01DA	0x8A81      	BSF         LCD_D7, BitPos(LCD_D7+0) 
;__Lib_Lcd.c,172 :: 		
0x01DC	0x8881      	BSF         LCD_D6, BitPos(LCD_D6+0) 
;__Lib_Lcd.c,173 :: 		
0x01DE	0x8681      	BSF         LCD_D5, BitPos(LCD_D5+0) 
;__Lib_Lcd.c,174 :: 		
0x01E0	0x8481      	BSF         LCD_D4, BitPos(LCD_D4+0) 
;__Lib_Lcd.c,175 :: 		
0x01E2	0x8281      	BSF         LCD_EN, BitPos(LCD_EN+0) 
;__Lib_Lcd.c,176 :: 		
0x01E4	0xDF1B      	RCALL       _Delay_1us
;__Lib_Lcd.c,177 :: 		
0x01E6	0x9281      	BCF         LCD_EN, BitPos(LCD_EN+0) 
;__Lib_Lcd.c,179 :: 		
0x01E8	0xDF1C      	RCALL       _Delay_5500us
;__Lib_Lcd.c,181 :: 		
0x01EA	0x8043      	BSF         __Lib_Lcd_cmd_status, BitPos(__Lib_Lcd_cmd_status+0) 
;__Lib_Lcd.c,182 :: 		
L_end_Lcd_Init:
0x01EC	0x0012      	RETURN      0
; end of _Lcd_Init
___CC2DW:
;__Lib_System.c,21 :: 		
;__Lib_System.c,23 :: 		
_CC2DL_Loop1:
;__Lib_System.c,24 :: 		
0x01EE	0x0009      	TBLRD*+
;__Lib_System.c,25 :: 		
0x01F0	0xFFE6CFF5  	MOVFF       TABLAT, POSTINC1
;__Lib_System.c,26 :: 		
0x01F4	0x0600      	DECF        R0, 1, 0
;__Lib_System.c,27 :: 		
0x01F6	0xE1FB      	BNZ         _CC2DL_Loop1
;__Lib_System.c,28 :: 		
0x01F8	0x0601      	DECF        R1, 1, 0
;__Lib_System.c,29 :: 		
0x01FA	0xE1F9      	BNZ         _CC2DL_Loop1
;__Lib_System.c,31 :: 		
L_end___CC2DW:
0x01FC	0x0012      	RETURN      0
; end of ___CC2DW
_Lcd_Out:
;__Lib_Lcd.c,184 :: 		
;__Lib_Lcd.c,187 :: 		
0x01FE	0xD00F      	BRA         L_Lcd_Out11
;__Lib_Lcd.c,188 :: 		
L_Lcd_Out13:
0x0200	0x0E80      	MOVLW       128
0x0202	0x6E44      	MOVWF       FARG_Lcd_Out_row 
0x0204	0xD019      	BRA         L_Lcd_Out12
;__Lib_Lcd.c,189 :: 		
L_Lcd_Out14:
0x0206	0x0EC0      	MOVLW       192
0x0208	0x6E44      	MOVWF       FARG_Lcd_Out_row 
0x020A	0xD016      	BRA         L_Lcd_Out12
;__Lib_Lcd.c,190 :: 		
L_Lcd_Out15:
0x020C	0x0E94      	MOVLW       148
0x020E	0x6E44      	MOVWF       FARG_Lcd_Out_row 
0x0210	0xD013      	BRA         L_Lcd_Out12
;__Lib_Lcd.c,191 :: 		
L_Lcd_Out16:
0x0212	0x0ED4      	MOVLW       212
0x0214	0x6E44      	MOVWF       FARG_Lcd_Out_row 
0x0216	0xD010      	BRA         L_Lcd_Out12
;__Lib_Lcd.c,192 :: 		
L_Lcd_Out17:
0x0218	0x0E80      	MOVLW       128
0x021A	0x6E44      	MOVWF       FARG_Lcd_Out_row 
;__Lib_Lcd.c,193 :: 		
0x021C	0xD00D      	BRA         L_Lcd_Out12
L_Lcd_Out11:
0x021E	0x5044      	MOVF        FARG_Lcd_Out_row, 0 
0x0220	0x0A01      	XORLW       1
0x0222	0xE0EE      	BZ          L_Lcd_Out13
0x0224	0x5044      	MOVF        FARG_Lcd_Out_row, 0 
0x0226	0x0A02      	XORLW       2
0x0228	0xE0EE      	BZ          L_Lcd_Out14
0x022A	0x5044      	MOVF        FARG_Lcd_Out_row, 0 
0x022C	0x0A03      	XORLW       3
0x022E	0xE0EE      	BZ          L_Lcd_Out15
0x0230	0x5044      	MOVF        FARG_Lcd_Out_row, 0 
0x0232	0x0A04      	XORLW       4
0x0234	0xE0EE      	BZ          L_Lcd_Out16
0x0236	0xD7F0      	BRA         L_Lcd_Out17
L_Lcd_Out12:
;__Lib_Lcd.c,194 :: 		
0x0238	0x0445      	DECF        FARG_Lcd_Out_column, 0 
0x023A	0x6E00      	MOVWF       R0 
0x023C	0x5044      	MOVF        FARG_Lcd_Out_row, 0 
0x023E	0x2600      	ADDWF       R0, 1 
0x0240	0xF044C000  	MOVFF       R0, FARG_Lcd_Out_row
;__Lib_Lcd.c,196 :: 		
0x0244	0xF04EC000  	MOVFF       R0, FARG_Lcd_Cmd_out_char
0x0248	0xDEFC      	RCALL       _Lcd_Cmd
;__Lib_Lcd.c,197 :: 		
0x024A	0x9043      	BCF         __Lib_Lcd_cmd_status, BitPos(__Lib_Lcd_cmd_status+0) 
;__Lib_Lcd.c,198 :: 		
0x024C	0x6A48      	CLRF        Lcd_Out_i_L0 
;__Lib_Lcd.c,199 :: 		
L_Lcd_Out18:
0x024E	0x5048      	MOVF        Lcd_Out_i_L0, 0 
0x0250	0x2446      	ADDWF       FARG_Lcd_Out_text, 0 
0x0252	0x6EE9      	MOVWF       FSR0L 
0x0254	0x0E00      	MOVLW       0
0x0256	0x2047      	ADDWFC      FARG_Lcd_Out_text+1, 0 
0x0258	0x6EEA      	MOVWF       FSR0H 
0x025A	0x52EE      	MOVF        POSTINC0, 1 
0x025C	0xE00B      	BZ          L_Lcd_Out19
;__Lib_Lcd.c,200 :: 		
0x025E	0x5048      	MOVF        Lcd_Out_i_L0, 0 
0x0260	0x2446      	ADDWF       FARG_Lcd_Out_text, 0 
0x0262	0x6EE9      	MOVWF       FSR0L 
0x0264	0x0E00      	MOVLW       0
0x0266	0x2047      	ADDWFC      FARG_Lcd_Out_text+1, 0 
0x0268	0x6EEA      	MOVWF       FSR0H 
0x026A	0xF049CFEE  	MOVFF       POSTINC0, FARG_Lcd_Chr_CP_out_char
0x026E	0xDF61      	RCALL       _Lcd_Chr_CP
0x0270	0x2A48      	INCF        Lcd_Out_i_L0, 1 
0x0272	0xD7ED      	BRA         L_Lcd_Out18
L_Lcd_Out19:
;__Lib_Lcd.c,201 :: 		
0x0274	0x8043      	BSF         __Lib_Lcd_cmd_status, BitPos(__Lib_Lcd_cmd_status+0) 
;__Lib_Lcd.c,202 :: 		
L_end_Lcd_Out:
0x0276	0x0012      	RETURN      0
; end of _Lcd_Out
_Keypad_Key_Click:
;__Lib_Keypad4x4.c,77 :: 		
;__Lib_Keypad4x4.c,81 :: 		
0x0278	0xDF28      	RCALL       _Keypad_Key_Press
0x027A	0xF044C000  	MOVFF       R0, Keypad_Key_Click_rslt_L0
;__Lib_Keypad4x4.c,83 :: 		
L_Keypad_Key_Click5:
0x027E	0x0E0F      	MOVLW       15
0x0280	0x1483      	ANDWF       keypadPort, 0 
0x0282	0x6E00      	MOVWF       R0 
0x0284	0xE002      	BZ          L_Keypad_Key_Click6
;__Lib_Keypad4x4.c,84 :: 		
0x0286	0xDF1B      	RCALL       _Delay_10us
0x0288	0xD7FA      	BRA         L_Keypad_Key_Click5
L_Keypad_Key_Click6:
;__Lib_Keypad4x4.c,86 :: 		
0x028A	0xF000C044  	MOVFF       Keypad_Key_Click_rslt_L0, R0
;__Lib_Keypad4x4.c,87 :: 		
L_end_Keypad_Key_Click:
0x028E	0x0012      	RETURN      0
; end of _Keypad_Key_Click
_Lcd_Chr:
;__Lib_Lcd.c,65 :: 		
;__Lib_Lcd.c,66 :: 		
0x0290	0xD00F      	BRA         L_Lcd_Chr4
;__Lib_Lcd.c,67 :: 		
L_Lcd_Chr6:
0x0292	0x0E80      	MOVLW       128
0x0294	0x6E44      	MOVWF       FARG_Lcd_Chr_row 
0x0296	0xD019      	BRA         L_Lcd_Chr5
;__Lib_Lcd.c,68 :: 		
L_Lcd_Chr7:
0x0298	0x0EC0      	MOVLW       192
0x029A	0x6E44      	MOVWF       FARG_Lcd_Chr_row 
0x029C	0xD016      	BRA         L_Lcd_Chr5
;__Lib_Lcd.c,69 :: 		
L_Lcd_Chr8:
0x029E	0x0E94      	MOVLW       148
0x02A0	0x6E44      	MOVWF       FARG_Lcd_Chr_row 
0x02A2	0xD013      	BRA         L_Lcd_Chr5
;__Lib_Lcd.c,70 :: 		
L_Lcd_Chr9:
0x02A4	0x0ED4      	MOVLW       212
0x02A6	0x6E44      	MOVWF       FARG_Lcd_Chr_row 
0x02A8	0xD010      	BRA         L_Lcd_Chr5
;__Lib_Lcd.c,71 :: 		
L_Lcd_Chr10:
0x02AA	0x0E80      	MOVLW       128
0x02AC	0x6E44      	MOVWF       FARG_Lcd_Chr_row 
;__Lib_Lcd.c,72 :: 		
0x02AE	0xD00D      	BRA         L_Lcd_Chr5
L_Lcd_Chr4:
0x02B0	0x5044      	MOVF        FARG_Lcd_Chr_row, 0 
0x02B2	0x0A01      	XORLW       1
0x02B4	0xE0EE      	BZ          L_Lcd_Chr6
0x02B6	0x5044      	MOVF        FARG_Lcd_Chr_row, 0 
0x02B8	0x0A02      	XORLW       2
0x02BA	0xE0EE      	BZ          L_Lcd_Chr7
0x02BC	0x5044      	MOVF        FARG_Lcd_Chr_row, 0 
0x02BE	0x0A03      	XORLW       3
0x02C0	0xE0EE      	BZ          L_Lcd_Chr8
0x02C2	0x5044      	MOVF        FARG_Lcd_Chr_row, 0 
0x02C4	0x0A04      	XORLW       4
0x02C6	0xE0EE      	BZ          L_Lcd_Chr9
0x02C8	0xD7F0      	BRA         L_Lcd_Chr10
L_Lcd_Chr5:
;__Lib_Lcd.c,74 :: 		
0x02CA	0x0445      	DECF        FARG_Lcd_Chr_column, 0 
0x02CC	0x6E00      	MOVWF       R0 
0x02CE	0x5044      	MOVF        FARG_Lcd_Chr_row, 0 
0x02D0	0x2600      	ADDWF       R0, 1 
0x02D2	0xF044C000  	MOVFF       R0, FARG_Lcd_Chr_row
;__Lib_Lcd.c,76 :: 		
0x02D6	0x8043      	BSF         __Lib_Lcd_cmd_status, BitPos(__Lib_Lcd_cmd_status+0) 
;__Lib_Lcd.c,77 :: 		
0x02D8	0xF04EC000  	MOVFF       R0, FARG_Lcd_Cmd_out_char
0x02DC	0xDEB2      	RCALL       _Lcd_Cmd
;__Lib_Lcd.c,79 :: 		
0x02DE	0x9043      	BCF         __Lib_Lcd_cmd_status, BitPos(__Lib_Lcd_cmd_status+0) 
;__Lib_Lcd.c,80 :: 		
0x02E0	0xF04EC046  	MOVFF       FARG_Lcd_Chr_out_char, FARG_Lcd_Cmd_out_char
0x02E4	0xDEAE      	RCALL       _Lcd_Cmd
;__Lib_Lcd.c,81 :: 		
0x02E6	0x8043      	BSF         __Lib_Lcd_cmd_status, BitPos(__Lib_Lcd_cmd_status+0) 
;__Lib_Lcd.c,82 :: 		
L_end_Lcd_Chr:
0x02E8	0x0012      	RETURN      0
; end of _Lcd_Chr
_main:
0x02EA	0xF003EC36  	CALL        1644, 0
;MyProject.c,22 :: 		void main() {
;MyProject.c,23 :: 		LCD_Init();
0x02EE	0xDF34      	RCALL       _Lcd_Init
;MyProject.c,24 :: 		Keypad_Init();
0x02F0	0xDF26      	RCALL       _Keypad_Init
;MyProject.c,25 :: 		LCD_Chr(1,14,(char)point);
0x02F2	0x0E01      	MOVLW       1
0x02F4	0x6E44      	MOVWF       FARG_Lcd_Chr_row 
0x02F6	0x0E0E      	MOVLW       14
0x02F8	0x6E45      	MOVWF       FARG_Lcd_Chr_column 
0x02FA	0xF046C021  	MOVFF       _point, FARG_Lcd_Chr_out_char
0x02FE	0xDFC8      	RCALL       _Lcd_Chr
;MyProject.c,26 :: 		while(1){
L_main0:
;MyProject.c,27 :: 		do
L_main2:
;MyProject.c,28 :: 		kp = Keypad_Key_Click();
0x0300	0xDFBB      	RCALL       _Keypad_Key_Click
0x0302	0xF039C000  	MOVFF       R0, _kp
;MyProject.c,29 :: 		while (kp==0);
0x0306	0x5000      	MOVF        R0, 0 
0x0308	0x0A00      	XORLW       0
0x030A	0xE0FA      	BZ          L_main2
;MyProject.c,30 :: 		switch (kp) {
0x030C	0xD140      	BRA         L_main5
;MyProject.c,31 :: 		case  1:if(arr[0]==1)continue; LCD_out(1,1,"H");kp='H';if(last==kp)arr[0]++; break; // 1
L_main7:
0x030E	0x503A      	MOVF        _arr, 0 
0x0310	0x0A01      	XORLW       1
0x0312	0xE101      	BNZ         L_main8
0x0314	0xD7F5      	BRA         L_main0
L_main8:
0x0316	0x0E01      	MOVLW       1
0x0318	0x6E44      	MOVWF       FARG_Lcd_Out_row 
0x031A	0x0E01      	MOVLW       1
0x031C	0x6E45      	MOVWF       FARG_Lcd_Out_column 
0x031E	0x0E23      	MOVLW       ?lstr1_MyProject
0x0320	0x6E46      	MOVWF       FARG_Lcd_Out_text 
0x0322	0x0E00      	MOVLW       hi_addr(?lstr1_MyProject)
0x0324	0x6E47      	MOVWF       FARG_Lcd_Out_text+1 
0x0326	0xDF6B      	RCALL       _Lcd_Out
0x0328	0x0E48      	MOVLW       72
0x032A	0x6E39      	MOVWF       _kp 
0x032C	0x5042      	MOVF        _last, 0 
0x032E	0x0A48      	XORLW       72
0x0330	0xB4D8      	BTFSC       STATUS, 2 
0x0332	0x2A3A      	INCF        _arr, 1 
L_main9:
0x0334	0xD169      	BRA         L_main6
;MyProject.c,32 :: 		case  2:if(arr[1]==1)continue; LCD_out(1,2,"R");kp='R';if(last==kp)arr[1]++; break; // 2
L_main10:
0x0336	0x503B      	MOVF        _arr+1, 0 
0x0338	0x0A01      	XORLW       1
0x033A	0xE101      	BNZ         L_main11
0x033C	0xD7E1      	BRA         L_main0
L_main11:
0x033E	0x0E01      	MOVLW       1
0x0340	0x6E44      	MOVWF       FARG_Lcd_Out_row 
0x0342	0x0E02      	MOVLW       2
0x0344	0x6E45      	MOVWF       FARG_Lcd_Out_column 
0x0346	0x0E1F      	MOVLW       ?lstr2_MyProject
0x0348	0x6E46      	MOVWF       FARG_Lcd_Out_text 
0x034A	0x0E00      	MOVLW       hi_addr(?lstr2_MyProject)
0x034C	0x6E47      	MOVWF       FARG_Lcd_Out_text+1 
0x034E	0xDF57      	RCALL       _Lcd_Out
0x0350	0x0E52      	MOVLW       82
0x0352	0x6E39      	MOVWF       _kp 
0x0354	0x5042      	MOVF        _last, 0 
0x0356	0x0A52      	XORLW       82
0x0358	0xB4D8      	BTFSC       STATUS, 2 
0x035A	0x2A3B      	INCF        _arr+1, 1 
L_main12:
0x035C	0xD155      	BRA         L_main6
;MyProject.c,33 :: 		case  3:if(arr[2]==1)continue; LCD_out(1,3,"J");kp='J';if(last==kp)arr[2]++; break; // 3
L_main13:
0x035E	0x503C      	MOVF        _arr+2, 0 
0x0360	0x0A01      	XORLW       1
0x0362	0xE101      	BNZ         L_main14
0x0364	0xD7CD      	BRA         L_main0
L_main14:
0x0366	0x0E01      	MOVLW       1
0x0368	0x6E44      	MOVWF       FARG_Lcd_Out_row 
0x036A	0x0E03      	MOVLW       3
0x036C	0x6E45      	MOVWF       FARG_Lcd_Out_column 
0x036E	0x0E17      	MOVLW       ?lstr3_MyProject
0x0370	0x6E46      	MOVWF       FARG_Lcd_Out_text 
0x0372	0x0E00      	MOVLW       hi_addr(?lstr3_MyProject)
0x0374	0x6E47      	MOVWF       FARG_Lcd_Out_text+1 
0x0376	0xDF43      	RCALL       _Lcd_Out
0x0378	0x0E4A      	MOVLW       74
0x037A	0x6E39      	MOVWF       _kp 
0x037C	0x5042      	MOVF        _last, 0 
0x037E	0x0A4A      	XORLW       74
0x0380	0xB4D8      	BTFSC       STATUS, 2 
0x0382	0x2A3C      	INCF        _arr+2, 1 
L_main15:
0x0384	0xD141      	BRA         L_main6
;MyProject.c,34 :: 		case  4:if(arr[0]==1)continue; LCD_out(1,4,"H");kp='H';if(last==kp)arr[0]++; break; // A
L_main16:
0x0386	0x503A      	MOVF        _arr, 0 
0x0388	0x0A01      	XORLW       1
0x038A	0xE101      	BNZ         L_main17
0x038C	0xD7B9      	BRA         L_main0
L_main17:
0x038E	0x0E01      	MOVLW       1
0x0390	0x6E44      	MOVWF       FARG_Lcd_Out_row 
0x0392	0x0E04      	MOVLW       4
0x0394	0x6E45      	MOVWF       FARG_Lcd_Out_column 
0x0396	0x0E15      	MOVLW       ?lstr4_MyProject
0x0398	0x6E46      	MOVWF       FARG_Lcd_Out_text 
0x039A	0x0E00      	MOVLW       hi_addr(?lstr4_MyProject)
0x039C	0x6E47      	MOVWF       FARG_Lcd_Out_text+1 
0x039E	0xDF2F      	RCALL       _Lcd_Out
0x03A0	0x0E48      	MOVLW       72
0x03A2	0x6E39      	MOVWF       _kp 
0x03A4	0x5042      	MOVF        _last, 0 
0x03A6	0x0A48      	XORLW       72
0x03A8	0xB4D8      	BTFSC       STATUS, 2 
0x03AA	0x2A3A      	INCF        _arr, 1 
L_main18:
0x03AC	0xD12D      	BRA         L_main6
;MyProject.c,35 :: 		case  5:if(arr[3]==1)continue; LCD_out(2,1,"F");kp='F';if(last==kp)arr[3]++; break; // 4
L_main19:
0x03AE	0x503D      	MOVF        _arr+3, 0 
0x03B0	0x0A01      	XORLW       1
0x03B2	0xE101      	BNZ         L_main20
0x03B4	0xD7A5      	BRA         L_main0
L_main20:
0x03B6	0x0E02      	MOVLW       2
0x03B8	0x6E44      	MOVWF       FARG_Lcd_Out_row 
0x03BA	0x0E01      	MOVLW       1
0x03BC	0x6E45      	MOVWF       FARG_Lcd_Out_column 
0x03BE	0x0E19      	MOVLW       ?lstr5_MyProject
0x03C0	0x6E46      	MOVWF       FARG_Lcd_Out_text 
0x03C2	0x0E00      	MOVLW       hi_addr(?lstr5_MyProject)
0x03C4	0x6E47      	MOVWF       FARG_Lcd_Out_text+1 
0x03C6	0xDF1B      	RCALL       _Lcd_Out
0x03C8	0x0E46      	MOVLW       70
0x03CA	0x6E39      	MOVWF       _kp 
0x03CC	0x5042      	MOVF        _last, 0 
0x03CE	0x0A46      	XORLW       70
0x03D0	0xB4D8      	BTFSC       STATUS, 2 
0x03D2	0x2A3D      	INCF        _arr+3, 1 
L_main21:
0x03D4	0xD119      	BRA         L_main6
;MyProject.c,36 :: 		case  6:if(arr[4]==1)continue; LCD_out(2,2,"G");kp='G';if(last==kp)arr[4]++; break; // 5
L_main22:
0x03D6	0x503E      	MOVF        _arr+4, 0 
0x03D8	0x0A01      	XORLW       1
0x03DA	0xE101      	BNZ         L_main23
0x03DC	0xD791      	BRA         L_main0
L_main23:
0x03DE	0x0E02      	MOVLW       2
0x03E0	0x6E44      	MOVWF       FARG_Lcd_Out_row 
0x03E2	0x0E02      	MOVLW       2
0x03E4	0x6E45      	MOVWF       FARG_Lcd_Out_column 
0x03E6	0x0E1D      	MOVLW       ?lstr6_MyProject
0x03E8	0x6E46      	MOVWF       FARG_Lcd_Out_text 
0x03EA	0x0E00      	MOVLW       hi_addr(?lstr6_MyProject)
0x03EC	0x6E47      	MOVWF       FARG_Lcd_Out_text+1 
0x03EE	0xDF07      	RCALL       _Lcd_Out
0x03F0	0x0E47      	MOVLW       71
0x03F2	0x6E39      	MOVWF       _kp 
0x03F4	0x5042      	MOVF        _last, 0 
0x03F6	0x0A47      	XORLW       71
0x03F8	0xB4D8      	BTFSC       STATUS, 2 
0x03FA	0x2A3E      	INCF        _arr+4, 1 
L_main24:
0x03FC	0xD105      	BRA         L_main6
;MyProject.c,37 :: 		case  7:if(arr[5]==1)continue; LCD_out(2,3,"A");kp='A';if(last==kp)arr[5]++; break; // 6
L_main25:
0x03FE	0x503F      	MOVF        _arr+5, 0 
0x0400	0x0A01      	XORLW       1
0x0402	0xE101      	BNZ         L_main26
0x0404	0xD77D      	BRA         L_main0
L_main26:
0x0406	0x0E02      	MOVLW       2
0x0408	0x6E44      	MOVWF       FARG_Lcd_Out_row 
0x040A	0x0E03      	MOVLW       3
0x040C	0x6E45      	MOVWF       FARG_Lcd_Out_column 
0x040E	0x0E1B      	MOVLW       ?lstr7_MyProject
0x0410	0x6E46      	MOVWF       FARG_Lcd_Out_text 
0x0412	0x0E00      	MOVLW       hi_addr(?lstr7_MyProject)
0x0414	0x6E47      	MOVWF       FARG_Lcd_Out_text+1 
0x0416	0xDEF3      	RCALL       _Lcd_Out
0x0418	0x0E41      	MOVLW       65
0x041A	0x6E39      	MOVWF       _kp 
0x041C	0x5042      	MOVF        _last, 0 
0x041E	0x0A41      	XORLW       65
0x0420	0xB4D8      	BTFSC       STATUS, 2 
0x0422	0x2A3F      	INCF        _arr+5, 1 
L_main27:
0x0424	0xD0F1      	BRA         L_main6
;MyProject.c,38 :: 		case  8:if(arr[6]==1)continue; LCD_out(2,4,"O");kp='O';if(last==kp)arr[6]++; break; // B
L_main28:
0x0426	0x5040      	MOVF        _arr+6, 0 
0x0428	0x0A01      	XORLW       1
0x042A	0xE101      	BNZ         L_main29
0x042C	0xD769      	BRA         L_main0
L_main29:
0x042E	0x0E02      	MOVLW       2
0x0430	0x6E44      	MOVWF       FARG_Lcd_Out_row 
0x0432	0x0E04      	MOVLW       4
0x0434	0x6E45      	MOVWF       FARG_Lcd_Out_column 
0x0436	0x0E31      	MOVLW       ?lstr8_MyProject
0x0438	0x6E46      	MOVWF       FARG_Lcd_Out_text 
0x043A	0x0E00      	MOVLW       hi_addr(?lstr8_MyProject)
0x043C	0x6E47      	MOVWF       FARG_Lcd_Out_text+1 
0x043E	0xDEDF      	RCALL       _Lcd_Out
0x0440	0x0E4F      	MOVLW       79
0x0442	0x6E39      	MOVWF       _kp 
0x0444	0x5042      	MOVF        _last, 0 
0x0446	0x0A4F      	XORLW       79
0x0448	0xB4D8      	BTFSC       STATUS, 2 
0x044A	0x2A40      	INCF        _arr+6, 1 
L_main30:
0x044C	0xD0DD      	BRA         L_main6
;MyProject.c,39 :: 		case  9:if(arr[1]==1)continue; LCD_out(3,1,"R");kp='R';if(last==kp)arr[1]++; break; // 7
L_main31:
0x044E	0x503B      	MOVF        _arr+1, 0 
0x0450	0x0A01      	XORLW       1
0x0452	0xE101      	BNZ         L_main32
0x0454	0xD755      	BRA         L_main0
L_main32:
0x0456	0x0E03      	MOVLW       3
0x0458	0x6E44      	MOVWF       FARG_Lcd_Out_row 
0x045A	0x0E01      	MOVLW       1
0x045C	0x6E45      	MOVWF       FARG_Lcd_Out_column 
0x045E	0x0E2F      	MOVLW       ?lstr9_MyProject
0x0460	0x6E46      	MOVWF       FARG_Lcd_Out_text 
0x0462	0x0E00      	MOVLW       hi_addr(?lstr9_MyProject)
0x0464	0x6E47      	MOVWF       FARG_Lcd_Out_text+1 
0x0466	0xDECB      	RCALL       _Lcd_Out
0x0468	0x0E52      	MOVLW       82
0x046A	0x6E39      	MOVWF       _kp 
0x046C	0x5042      	MOVF        _last, 0 
0x046E	0x0A52      	XORLW       82
0x0470	0xB4D8      	BTFSC       STATUS, 2 
0x0472	0x2A3B      	INCF        _arr+1, 1 
L_main33:
0x0474	0xD0C9      	BRA         L_main6
;MyProject.c,40 :: 		case 10:if(arr[7]==1)continue; LCD_out(3,2,"S");kp='S';if(last==kp)arr[7]++; break; // 8
L_main34:
0x0476	0x5041      	MOVF        _arr+7, 0 
0x0478	0x0A01      	XORLW       1
0x047A	0xE101      	BNZ         L_main35
0x047C	0xD741      	BRA         L_main0
L_main35:
0x047E	0x0E03      	MOVLW       3
0x0480	0x6E44      	MOVWF       FARG_Lcd_Out_row 
0x0482	0x0E02      	MOVLW       2
0x0484	0x6E45      	MOVWF       FARG_Lcd_Out_column 
0x0486	0x0E33      	MOVLW       ?lstr10_MyProject
0x0488	0x6E46      	MOVWF       FARG_Lcd_Out_text 
0x048A	0x0E00      	MOVLW       hi_addr(?lstr10_MyProject)
0x048C	0x6E47      	MOVWF       FARG_Lcd_Out_text+1 
0x048E	0xDEB7      	RCALL       _Lcd_Out
0x0490	0x0E53      	MOVLW       83
0x0492	0x6E39      	MOVWF       _kp 
0x0494	0x5042      	MOVF        _last, 0 
0x0496	0x0A53      	XORLW       83
0x0498	0xB4D8      	BTFSC       STATUS, 2 
0x049A	0x2A41      	INCF        _arr+7, 1 
L_main36:
0x049C	0xD0B5      	BRA         L_main6
;MyProject.c,41 :: 		case 11:if(arr[2]==1)continue; LCD_out(3,3,"J");kp='J';if(last==kp)arr[2]++; break; // 9
L_main37:
0x049E	0x503C      	MOVF        _arr+2, 0 
0x04A0	0x0A01      	XORLW       1
0x04A2	0xE101      	BNZ         L_main38
0x04A4	0xD72D      	BRA         L_main0
L_main38:
0x04A6	0x0E03      	MOVLW       3
0x04A8	0x6E44      	MOVWF       FARG_Lcd_Out_row 
0x04AA	0x0E03      	MOVLW       3
0x04AC	0x6E45      	MOVWF       FARG_Lcd_Out_column 
0x04AE	0x0E37      	MOVLW       ?lstr11_MyProject
0x04B0	0x6E46      	MOVWF       FARG_Lcd_Out_text 
0x04B2	0x0E00      	MOVLW       hi_addr(?lstr11_MyProject)
0x04B4	0x6E47      	MOVWF       FARG_Lcd_Out_text+1 
0x04B6	0xDEA3      	RCALL       _Lcd_Out
0x04B8	0x0E4A      	MOVLW       74
0x04BA	0x6E39      	MOVWF       _kp 
0x04BC	0x5042      	MOVF        _last, 0 
0x04BE	0x0A4A      	XORLW       74
0x04C0	0xB4D8      	BTFSC       STATUS, 2 
0x04C2	0x2A3C      	INCF        _arr+2, 1 
L_main39:
0x04C4	0xD0A1      	BRA         L_main6
;MyProject.c,42 :: 		case 12:if(arr[6]==1)continue; LCD_out(3,4,"O");kp='O';if(last==kp)arr[6]++; break; // C
L_main40:
0x04C6	0x5040      	MOVF        _arr+6, 0 
0x04C8	0x0A01      	XORLW       1
0x04CA	0xE101      	BNZ         L_main41
0x04CC	0xD719      	BRA         L_main0
L_main41:
0x04CE	0x0E03      	MOVLW       3
0x04D0	0x6E44      	MOVWF       FARG_Lcd_Out_row 
0x04D2	0x0E04      	MOVLW       4
0x04D4	0x6E45      	MOVWF       FARG_Lcd_Out_column 
0x04D6	0x0E35      	MOVLW       ?lstr12_MyProject
0x04D8	0x6E46      	MOVWF       FARG_Lcd_Out_text 
0x04DA	0x0E00      	MOVLW       hi_addr(?lstr12_MyProject)
0x04DC	0x6E47      	MOVWF       FARG_Lcd_Out_text+1 
0x04DE	0xDE8F      	RCALL       _Lcd_Out
0x04E0	0x0E4F      	MOVLW       79
0x04E2	0x6E39      	MOVWF       _kp 
0x04E4	0x5042      	MOVF        _last, 0 
0x04E6	0x0A4F      	XORLW       79
0x04E8	0xB4D8      	BTFSC       STATUS, 2 
0x04EA	0x2A40      	INCF        _arr+6, 1 
L_main42:
0x04EC	0xD08D      	BRA         L_main6
;MyProject.c,43 :: 		case 13:if(arr[4]==1)continue; LCD_out(4,1,"G");kp='G';if(last==kp)arr[4]++; break; // *
L_main43:
0x04EE	0x503E      	MOVF        _arr+4, 0 
0x04F0	0x0A01      	XORLW       1
0x04F2	0xE101      	BNZ         L_main44
0x04F4	0xD705      	BRA         L_main0
L_main44:
0x04F6	0x0E04      	MOVLW       4
0x04F8	0x6E44      	MOVWF       FARG_Lcd_Out_row 
0x04FA	0x0E01      	MOVLW       1
0x04FC	0x6E45      	MOVWF       FARG_Lcd_Out_column 
0x04FE	0x0E2D      	MOVLW       ?lstr13_MyProject
0x0500	0x6E46      	MOVWF       FARG_Lcd_Out_text 
0x0502	0x0E00      	MOVLW       hi_addr(?lstr13_MyProject)
0x0504	0x6E47      	MOVWF       FARG_Lcd_Out_text+1 
0x0506	0xDE7B      	RCALL       _Lcd_Out
0x0508	0x0E47      	MOVLW       71
0x050A	0x6E39      	MOVWF       _kp 
0x050C	0x5042      	MOVF        _last, 0 
0x050E	0x0A47      	XORLW       71
0x0510	0xB4D8      	BTFSC       STATUS, 2 
0x0512	0x2A3E      	INCF        _arr+4, 1 
L_main45:
0x0514	0xD079      	BRA         L_main6
;MyProject.c,44 :: 		case 14:if(arr[5]==1)continue; LCD_out(4,2,"A");kp='A';if(last==kp)arr[5]++; break; // 0
L_main46:
0x0516	0x503F      	MOVF        _arr+5, 0 
0x0518	0x0A01      	XORLW       1
0x051A	0xE101      	BNZ         L_main47
0x051C	0xD6F1      	BRA         L_main0
L_main47:
0x051E	0x0E04      	MOVLW       4
0x0520	0x6E44      	MOVWF       FARG_Lcd_Out_row 
0x0522	0x0E02      	MOVLW       2
0x0524	0x6E45      	MOVWF       FARG_Lcd_Out_column 
0x0526	0x0E27      	MOVLW       ?lstr14_MyProject
0x0528	0x6E46      	MOVWF       FARG_Lcd_Out_text 
0x052A	0x0E00      	MOVLW       hi_addr(?lstr14_MyProject)
0x052C	0x6E47      	MOVWF       FARG_Lcd_Out_text+1 
0x052E	0xDE67      	RCALL       _Lcd_Out
0x0530	0x0E41      	MOVLW       65
0x0532	0x6E39      	MOVWF       _kp 
0x0534	0x5042      	MOVF        _last, 0 
0x0536	0x0A41      	XORLW       65
0x0538	0xB4D8      	BTFSC       STATUS, 2 
0x053A	0x2A3F      	INCF        _arr+5, 1 
L_main48:
0x053C	0xD065      	BRA         L_main6
;MyProject.c,45 :: 		case 15:if(arr[3]==1)continue; LCD_out(4,3,"F");kp='F';if(last==kp)arr[3]++; break; // #
L_main49:
0x053E	0x503D      	MOVF        _arr+3, 0 
0x0540	0x0A01      	XORLW       1
0x0542	0xE101      	BNZ         L_main50
0x0544	0xD6DD      	BRA         L_main0
L_main50:
0x0546	0x0E04      	MOVLW       4
0x0548	0x6E44      	MOVWF       FARG_Lcd_Out_row 
0x054A	0x0E03      	MOVLW       3
0x054C	0x6E45      	MOVWF       FARG_Lcd_Out_column 
0x054E	0x0E25      	MOVLW       ?lstr15_MyProject
0x0550	0x6E46      	MOVWF       FARG_Lcd_Out_text 
0x0552	0x0E00      	MOVLW       hi_addr(?lstr15_MyProject)
0x0554	0x6E47      	MOVWF       FARG_Lcd_Out_text+1 
0x0556	0xDE53      	RCALL       _Lcd_Out
0x0558	0x0E46      	MOVLW       70
0x055A	0x6E39      	MOVWF       _kp 
0x055C	0x5042      	MOVF        _last, 0 
0x055E	0x0A46      	XORLW       70
0x0560	0xB4D8      	BTFSC       STATUS, 2 
0x0562	0x2A3D      	INCF        _arr+3, 1 
L_main51:
0x0564	0xD051      	BRA         L_main6
;MyProject.c,46 :: 		case 16:if(arr[7]==1)continue; LCD_out(4,4,"S");kp='S';if(last==kp)arr[7]++; break; // D
L_main52:
0x0566	0x5041      	MOVF        _arr+7, 0 
0x0568	0x0A01      	XORLW       1
0x056A	0xE101      	BNZ         L_main53
0x056C	0xD6C9      	BRA         L_main0
L_main53:
0x056E	0x0E04      	MOVLW       4
0x0570	0x6E44      	MOVWF       FARG_Lcd_Out_row 
0x0572	0x0E04      	MOVLW       4
0x0574	0x6E45      	MOVWF       FARG_Lcd_Out_column 
0x0576	0x0E29      	MOVLW       ?lstr16_MyProject
0x0578	0x6E46      	MOVWF       FARG_Lcd_Out_text 
0x057A	0x0E00      	MOVLW       hi_addr(?lstr16_MyProject)
0x057C	0x6E47      	MOVWF       FARG_Lcd_Out_text+1 
0x057E	0xDE3F      	RCALL       _Lcd_Out
0x0580	0x0E53      	MOVLW       83
0x0582	0x6E39      	MOVWF       _kp 
0x0584	0x5042      	MOVF        _last, 0 
0x0586	0x0A53      	XORLW       83
0x0588	0xB4D8      	BTFSC       STATUS, 2 
0x058A	0x2A41      	INCF        _arr+7, 1 
L_main54:
0x058C	0xD03D      	BRA         L_main6
;MyProject.c,47 :: 		}
L_main5:
0x058E	0x5039      	MOVF        _kp, 0 
0x0590	0x0A01      	XORLW       1
0x0592	0xB4D8      	BTFSC       STATUS, 2 
0x0594	0xD6BC      	BRA         L_main7
0x0596	0x5039      	MOVF        _kp, 0 
0x0598	0x0A02      	XORLW       2
0x059A	0xB4D8      	BTFSC       STATUS, 2 
0x059C	0xD6CC      	BRA         L_main10
0x059E	0x5039      	MOVF        _kp, 0 
0x05A0	0x0A03      	XORLW       3
0x05A2	0xB4D8      	BTFSC       STATUS, 2 
0x05A4	0xD6DC      	BRA         L_main13
0x05A6	0x5039      	MOVF        _kp, 0 
0x05A8	0x0A04      	XORLW       4
0x05AA	0xB4D8      	BTFSC       STATUS, 2 
0x05AC	0xD6EC      	BRA         L_main16
0x05AE	0x5039      	MOVF        _kp, 0 
0x05B0	0x0A05      	XORLW       5
0x05B2	0xB4D8      	BTFSC       STATUS, 2 
0x05B4	0xD6FC      	BRA         L_main19
0x05B6	0x5039      	MOVF        _kp, 0 
0x05B8	0x0A06      	XORLW       6
0x05BA	0xB4D8      	BTFSC       STATUS, 2 
0x05BC	0xD70C      	BRA         L_main22
0x05BE	0x5039      	MOVF        _kp, 0 
0x05C0	0x0A07      	XORLW       7
0x05C2	0xB4D8      	BTFSC       STATUS, 2 
0x05C4	0xD71C      	BRA         L_main25
0x05C6	0x5039      	MOVF        _kp, 0 
0x05C8	0x0A08      	XORLW       8
0x05CA	0xB4D8      	BTFSC       STATUS, 2 
0x05CC	0xD72C      	BRA         L_main28
0x05CE	0x5039      	MOVF        _kp, 0 
0x05D0	0x0A09      	XORLW       9
0x05D2	0xB4D8      	BTFSC       STATUS, 2 
0x05D4	0xD73C      	BRA         L_main31
0x05D6	0x5039      	MOVF        _kp, 0 
0x05D8	0x0A0A      	XORLW       10
0x05DA	0xB4D8      	BTFSC       STATUS, 2 
0x05DC	0xD74C      	BRA         L_main34
0x05DE	0x5039      	MOVF        _kp, 0 
0x05E0	0x0A0B      	XORLW       11
0x05E2	0xB4D8      	BTFSC       STATUS, 2 
0x05E4	0xD75C      	BRA         L_main37
0x05E6	0x5039      	MOVF        _kp, 0 
0x05E8	0x0A0C      	XORLW       12
0x05EA	0xB4D8      	BTFSC       STATUS, 2 
0x05EC	0xD76C      	BRA         L_main40
0x05EE	0x5039      	MOVF        _kp, 0 
0x05F0	0x0A0D      	XORLW       13
0x05F2	0xB4D8      	BTFSC       STATUS, 2 
0x05F4	0xD77C      	BRA         L_main43
0x05F6	0x5039      	MOVF        _kp, 0 
0x05F8	0x0A0E      	XORLW       14
0x05FA	0xE08D      	BZ          L_main46
0x05FC	0x5039      	MOVF        _kp, 0 
0x05FE	0x0A0F      	XORLW       15
0x0600	0xE09E      	BZ          L_main49
0x0602	0x5039      	MOVF        _kp, 0 
0x0604	0x0A10      	XORLW       16
0x0606	0xE0AF      	BZ          L_main52
L_main6:
;MyProject.c,48 :: 		if(nu==0){
0x0608	0x0E00      	MOVLW       0
0x060A	0x182C      	XORWF       _nu+1, 0 
0x060C	0xE102      	BNZ         L__main59
0x060E	0x0E00      	MOVLW       0
0x0610	0x182B      	XORWF       _nu, 0 
L__main59:
0x0612	0xE107      	BNZ         L_main55
;MyProject.c,49 :: 		nu=1;
0x0614	0x0E01      	MOVLW       1
0x0616	0x6E2B      	MOVWF       _nu 
0x0618	0x0E00      	MOVLW       0
0x061A	0x6E2C      	MOVWF       _nu+1 
;MyProject.c,50 :: 		last=kp;
0x061C	0xF042C039  	MOVFF       _kp, _last
;MyProject.c,51 :: 		continue;
0x0620	0xD66F      	BRA         L_main0
;MyProject.c,52 :: 		}
L_main55:
;MyProject.c,54 :: 		nu=0;
0x0622	0x6A2B      	CLRF        _nu 
0x0624	0x6A2C      	CLRF        _nu+1 
;MyProject.c,55 :: 		if(last==kp)
0x0626	0x5042      	MOVF        _last, 0 
0x0628	0x1839      	XORWF       _kp, 0 
0x062A	0xE102      	BNZ         L_main57
;MyProject.c,56 :: 		Point++;
0x062C	0x4A21      	INFSNZ      _point, 1 
0x062E	0x2A22      	INCF        _point+1, 1 
L_main57:
;MyProject.c,57 :: 		Lcd_Cmd(_LCD_CLEAR);
0x0630	0x0E01      	MOVLW       1
0x0632	0x6E4E      	MOVWF       FARG_Lcd_Cmd_out_char 
0x0634	0xDD06      	RCALL       _Lcd_Cmd
;MyProject.c,58 :: 		LCD_Chr(1,14,(char)point);
0x0636	0x0E01      	MOVLW       1
0x0638	0x6E44      	MOVWF       FARG_Lcd_Chr_row 
0x063A	0x0E0E      	MOVLW       14
0x063C	0x6E45      	MOVWF       FARG_Lcd_Chr_column 
0x063E	0xF046C021  	MOVFF       _point, FARG_Lcd_Chr_out_char
0x0642	0xDE26      	RCALL       _Lcd_Chr
;MyProject.c,61 :: 		}
0x0644	0xD65D      	BRA         L_main0
;MyProject.c,63 :: 		}
L_end_main:
0x0646	0xD7FF      	BRA         $+0
; end of _main
0x066C	0xF015EE10  	LFSR        1, 21
0x0670	0x0E24      	MOVLW       36
0x0672	0x6E00      	MOVWF       R0 
0x0674	0x0E01      	MOVLW       1
0x0676	0x6E01      	MOVWF       R1 
0x0678	0x0E48      	MOVLW       72
0x067A	0x6EF6      	MOVWF       4086 
0x067C	0x0E06      	MOVLW       6
0x067E	0x6EF7      	MOVWF       TBLPTRH 
0x0680	0x0E00      	MOVLW       0
0x0682	0x6EF8      	MOVWF       TBLPTRU 
0x0684	0xF000ECF7  	CALL        494, 0
0x0688	0x0012      	RETURN      0
;MyProject.c,0 :: ?ICS?lstr4_MyProject
0x0648	0x0048 ;?ICS?lstr4_MyProject+0
; end of ?ICS?lstr4_MyProject
;MyProject.c,0 :: ?ICS?lstr3_MyProject
0x064A	0x004A ;?ICS?lstr3_MyProject+0
; end of ?ICS?lstr3_MyProject
;MyProject.c,0 :: ?ICS?lstr5_MyProject
0x064C	0x0046 ;?ICS?lstr5_MyProject+0
; end of ?ICS?lstr5_MyProject
;MyProject.c,0 :: ?ICS?lstr7_MyProject
0x064E	0x0041 ;?ICS?lstr7_MyProject+0
; end of ?ICS?lstr7_MyProject
;MyProject.c,0 :: ?ICS?lstr6_MyProject
0x0650	0x0047 ;?ICS?lstr6_MyProject+0
; end of ?ICS?lstr6_MyProject
;MyProject.c,0 :: ?ICS?lstr2_MyProject
0x0652	0x0052 ;?ICS?lstr2_MyProject+0
; end of ?ICS?lstr2_MyProject
;MyProject.c,0 :: ?ICS_point
0x0654	0x0000 ;?ICS_point+0
; end of ?ICS_point
;MyProject.c,0 :: ?ICS?lstr1_MyProject
0x0656	0x0048 ;?ICS?lstr1_MyProject+0
; end of ?ICS?lstr1_MyProject
;MyProject.c,0 :: ?ICS?lstr15_MyProject
0x0658	0x0046 ;?ICS?lstr15_MyProject+0
; end of ?ICS?lstr15_MyProject
;MyProject.c,0 :: ?ICS?lstr14_MyProject
0x065A	0x0041 ;?ICS?lstr14_MyProject+0
; end of ?ICS?lstr14_MyProject
;MyProject.c,0 :: ?ICS?lstr16_MyProject
0x065C	0x0053 ;?ICS?lstr16_MyProject+0
; end of ?ICS?lstr16_MyProject
;MyProject.c,0 :: ?ICS_nu
0x065E	0x0000 ;?ICS_nu+0
; end of ?ICS_nu
;MyProject.c,0 :: ?ICS?lstr13_MyProject
0x0660	0x0047 ;?ICS?lstr13_MyProject+0
; end of ?ICS?lstr13_MyProject
;MyProject.c,0 :: ?ICS?lstr9_MyProject
0x0662	0x0052 ;?ICS?lstr9_MyProject+0
; end of ?ICS?lstr9_MyProject
;MyProject.c,0 :: ?ICS?lstr8_MyProject
0x0664	0x004F ;?ICS?lstr8_MyProject+0
; end of ?ICS?lstr8_MyProject
;MyProject.c,0 :: ?ICS?lstr10_MyProject
0x0666	0x0053 ;?ICS?lstr10_MyProject+0
; end of ?ICS?lstr10_MyProject
;MyProject.c,0 :: ?ICS?lstr12_MyProject
0x0668	0x004F ;?ICS?lstr12_MyProject+0
; end of ?ICS?lstr12_MyProject
;MyProject.c,0 :: ?ICS?lstr11_MyProject
0x066A	0x004A ;?ICS?lstr11_MyProject+0
; end of ?ICS?lstr11_MyProject
Symbol List:
//** Routines locations **
//ADDRESS    SIZE    PROCEDURE
//----------------------------------------------
0x001C       [6]    _Delay_1us
0x0022      [22]    _Delay_5500us
0x0038      [10]    _Delay_50us
0x0042     [124]    _Lcd_Cmd
0x00BE      [12]    _Delay_10us
0x00CA     [104]    _Keypad_Key_Press
0x0132      [12]    _Lcd_Chr_CP
0x013E      [26]    _Keypad_Init
0x0158     [150]    _Lcd_Init
0x01EE      [16]    ___CC2DW
0x01FE     [122]    _Lcd_Out
0x0278      [24]    _Keypad_Key_Click
0x0290      [90]    _Lcd_Chr
0x02EA     [862]    _main
//** Variables locations ** 
//ADDRESS    SIZE    VARIABLE
//----------------------------------------------
0x0000       [1]    R0
0x0001       [1]    R1
0x0002       [1]    R2
0x0003       [1]    R3
0x0004       [1]    R4
0x0005       [1]    R5
0x0006       [1]    R6
0x0007       [1]    R7
0x0008       [1]    R8
0x0009       [1]    R9
0x000A       [1]    R10
0x000B       [1]    R11
0x000C       [1]    R12
0x000D       [1]    R13
0x000E       [1]    R14
0x000F       [1]    R15
0x0010       [1]    R16
0x0011       [1]    R17
0x0012       [1]    R18
0x0013       [1]    R19
0x0014       [1]    R20
0x0015       [2]    ?lstr4_MyProject
0x0017       [2]    ?lstr3_MyProject
0x0019       [2]    ?lstr5_MyProject
0x001B       [2]    ?lstr7_MyProject
0x001D       [2]    ?lstr6_MyProject
0x001F       [2]    ?lstr2_MyProject
0x0021       [2]    _point
0x0023       [2]    ?lstr1_MyProject
0x0025       [2]    ?lstr15_MyProject
0x0027       [2]    ?lstr14_MyProject
0x0029       [2]    ?lstr16_MyProject
0x002B       [2]    _nu
0x002D       [2]    ?lstr13_MyProject
0x002F       [2]    ?lstr9_MyProject
0x0031       [2]    ?lstr8_MyProject
0x0033       [2]    ?lstr10_MyProject
0x0035       [2]    ?lstr12_MyProject
0x0037       [2]    ?lstr11_MyProject
0x0039       [1]    _kp
0x003A       [8]    _arr
0x0042       [1]    _last
0x0043       [0]    __Lib_Lcd_cmd_status
0x0044       [1]    FARG_Lcd_Chr_row
0x0044       [1]    Keypad_Key_Click_rslt_L0
0x0044       [1]    FARG_Lcd_Out_row
0x0045       [1]    FARG_Lcd_Out_column
0x0045       [1]    FARG_Lcd_Chr_column
0x0046       [1]    FARG_Lcd_Chr_out_char
0x0046       [2]    FARG_Lcd_Out_text
0x0048       [1]    Lcd_Out_i_L0
0x0049       [1]    FARG_Lcd_Chr_CP_out_char
0x0049       [1]    Keypad_Key_Press_rslt_L0
0x004A       [1]    Keypad_Key_Press_kdata_L0
0x004B       [1]    Keypad_Key_Press_loc_L0
0x004C       [1]    Keypad_Key_Press_rowcnt_L0
0x004D       [1]    Keypad_Key_Press_shifter_L0
0x004E       [1]    FARG_Lcd_Cmd_out_char
0x0F81       [0]    RB3_bit
0x0F81       [0]    RB2_bit
0x0F81       [0]    RB1_bit
0x0F81       [0]    RB4_bit
0x0F81       [0]    RB5_bit
0x0F81       [0]    RB0_bit
0x0F81       [0]    LCD_D5
0x0F81       [0]    LCD_D6
0x0F81       [0]    LCD_D7
0x0F81       [0]    LCD_D4
0x0F81       [0]    LCD_RS
0x0F81       [0]    LCD_EN
0x0F83       [1]    PORTD
0x0F83       [1]    keypadPort
0x0F93       [0]    TRISB4_bit
0x0F93       [0]    TRISB5_bit
0x0F93       [0]    TRISB2_bit
0x0F93       [0]    TRISB3_bit
0x0F93       [0]    LCD_D5_Direction
0x0F93       [0]    LCD_D4_Direction
0x0F93       [0]    LCD_D7_Direction
0x0F93       [0]    LCD_D6_Direction
0x0F93       [0]    TRISB0_bit
0x0F93       [0]    TRISB1_bit
0x0F93       [0]    LCD_EN_Direction
0x0F93       [0]    LCD_RS_Direction
0x0FD8       [1]    STATUS
0x0FD9       [1]    FSR2L
0x0FDA       [1]    FSR2H
0x0FDE       [1]    POSTINC2
0x0FE0       [1]    BSR
0x0FE1       [1]    FSR1L
0x0FE2       [1]    FSR1H
0x0FE4       [1]    PREINC1
0x0FE6       [1]    POSTINC1
0x0FE7       [1]    INDF1
0x0FE8       [1]    WREG
0x0FE9       [1]    FSR0L
0x0FEA       [1]    FSR0H
0x0FEE       [1]    POSTINC0
0x0FF3       [1]    PRODL
0x0FF4       [1]    PRODH
0x0FF5       [1]    TABLAT
0x0FF6       [1]    TBLPTRL
0x0FF7       [1]    TBLPTRH
0x0FF8       [1]    TBLPTRU
//** Constants locations ** 
//ADDRESS    SIZE    CONSTANT
//----------------------------------------------
0x0648       [2]    ?ICS?lstr4_MyProject
0x064A       [2]    ?ICS?lstr3_MyProject
0x064C       [2]    ?ICS?lstr5_MyProject
0x064E       [2]    ?ICS?lstr7_MyProject
0x0650       [2]    ?ICS?lstr6_MyProject
0x0652       [2]    ?ICS?lstr2_MyProject
0x0654       [2]    ?ICS_point
0x0656       [2]    ?ICS?lstr1_MyProject
0x0658       [2]    ?ICS?lstr15_MyProject
0x065A       [2]    ?ICS?lstr14_MyProject
0x065C       [2]    ?ICS?lstr16_MyProject
0x065E       [2]    ?ICS_nu
0x0660       [2]    ?ICS?lstr13_MyProject
0x0662       [2]    ?ICS?lstr9_MyProject
0x0664       [2]    ?ICS?lstr8_MyProject
0x0666       [2]    ?ICS?lstr10_MyProject
0x0668       [2]    ?ICS?lstr12_MyProject
0x066A       [2]    ?ICS?lstr11_MyProject
